<?xml version="1.0" encoding="UTF-8"?>
<!-- Generated by org.testng.reporters.JUnitReportReporter -->
<testsuite hostname="DESKTOP-4JSDMOS" failures="0" tests="7" name="com.LibraryAPI.testCases.TC_005_DeleteBook" time="0.043" errors="0" timestamp="2021-10-07T15:13:27 IST" skipped="0">
  <testcase classname="com.LibraryAPI.testCases.TC_005_DeleteBook" name="checkStatusCode_deleteBook" time="0.002"/>
  <system-out/>
  <testcase classname="com.LibraryAPI.testCases.TC_005_DeleteBook" name="checkResposeBody_deleteBook" time="0.020"/>
  <system-out/>
  <testcase classname="com.LibraryAPI.testCases.TC_005_DeleteBook" name="validateDeletedBook_deleteBook" time="0.016"/>
  <system-out/>
  <testcase classname="com.LibraryAPI.testCases.TC_005_DeleteBook" name="checkResponseTime_deleteBook" time="0.001"/>
  <system-out/>
  <testcase classname="com.LibraryAPI.testCases.TC_005_DeleteBook" name="checkContentType_deleteBook" time="0.001"/>
  <system-out/>
  <testcase classname="com.LibraryAPI.testCases.TC_005_DeleteBook" name="checkserverType_deleteBook" time="0.002"/>
  <system-out/>
  <testcase classname="com.LibraryAPI.testCases.TC_005_DeleteBook" name="checkStatusLine_deleteBook" time="0.001"/>
  <system-out/>
</testsuite> <!-- com.LibraryAPI.testCases.TC_005_DeleteBook -->
