<?xml version="1.0" encoding="UTF-8"?>
<!-- Generated by org.testng.reporters.JUnitReportReporter -->
<testsuite hostname="DESKTOP-4JSDMOS" failures="0" tests="7" name="com.LibraryAPI.testCases.TC_003_AddBook" time="0.397" errors="0" timestamp="2021-10-07T15:13:27 IST" skipped="0">
  <testcase classname="com.LibraryAPI.testCases.TC_003_AddBook" name="checkStatusCode_addBook" time="0.002"/>
  <system-out/>
  <testcase classname="com.LibraryAPI.testCases.TC_003_AddBook" name="checkResposeBody_addBook" time="0.071"/>
  <system-out/>
  <testcase classname="com.LibraryAPI.testCases.TC_003_AddBook" name="validateAddedBook_addBook" time="0.315"/>
  <system-out/>
  <testcase classname="com.LibraryAPI.testCases.TC_003_AddBook" name="checkResponseTime_addBook" time="0.002"/>
  <system-out/>
  <testcase classname="com.LibraryAPI.testCases.TC_003_AddBook" name="checkContentType_addBook" time="0.002"/>
  <system-out/>
  <testcase classname="com.LibraryAPI.testCases.TC_003_AddBook" name="checkserverType_addBook" time="0.002"/>
  <system-out/>
  <testcase classname="com.LibraryAPI.testCases.TC_003_AddBook" name="checkStatusLine_addBook" time="0.003"/>
  <system-out/>
</testsuite> <!-- com.LibraryAPI.testCases.TC_003_AddBook -->
