<?xml version="1.0" encoding="UTF-8"?>
<!-- Generated by org.testng.reporters.JUnitReportReporter -->
<testsuite hostname="DESKTOP-4JSDMOS" failures="0" tests="6" name="com.LibraryAPI.testCases.TC_002_GetSingleBook" time="0.679" errors="0" timestamp="2021-10-07T15:13:27 IST" skipped="0">
  <testcase classname="com.LibraryAPI.testCases.TC_002_GetSingleBook" name="checkContentType_getSingleBook" time="0.006"/>
  <system-out/>
  <testcase classname="com.LibraryAPI.testCases.TC_002_GetSingleBook" name="checkResposeBody_getSingleBook" time="0.660"/>
  <system-out/>
  <testcase classname="com.LibraryAPI.testCases.TC_002_GetSingleBook" name="checkStatusCode_getSingleBook" time="0.002"/>
  <system-out/>
  <testcase classname="com.LibraryAPI.testCases.TC_002_GetSingleBook" name="checkStatusLine_getSingleBook" time="0.003"/>
  <system-out/>
  <testcase classname="com.LibraryAPI.testCases.TC_002_GetSingleBook" name="checkserverType_getSingleBook" time="0.004"/>
  <system-out/>
  <testcase classname="com.LibraryAPI.testCases.TC_002_GetSingleBook" name="checkResponseTime_getSingleBook" time="0.004"/>
  <system-out/>
</testsuite> <!-- com.LibraryAPI.testCases.TC_002_GetSingleBook -->
