<?xml version="1.0" encoding="UTF-8"?>
<!-- Generated by org.testng.reporters.JUnitReportReporter -->
<testsuite hostname="DESKTOP-4JSDMOS" failures="0" tests="7" name="com.LibraryAPI.testCases.TC_004_UpdateBook" time="0.352" errors="0" timestamp="2021-10-07T15:13:27 IST" skipped="0">
  <testcase classname="com.LibraryAPI.testCases.TC_004_UpdateBook" name="checkStatusCode_updateBook" time="0.002"/>
  <system-out/>
  <testcase classname="com.LibraryAPI.testCases.TC_004_UpdateBook" name="checkResposeBody_updateBook" time="0.036"/>
  <system-out/>
  <testcase classname="com.LibraryAPI.testCases.TC_004_UpdateBook" name="validateUpdatedBook_updateBook" time="0.294"/>
  <system-out/>
  <testcase classname="com.LibraryAPI.testCases.TC_004_UpdateBook" name="checkResponseTime_updateBook" time="0.002"/>
  <system-out/>
  <testcase classname="com.LibraryAPI.testCases.TC_004_UpdateBook" name="checkContentType_updateBook" time="0.001"/>
  <system-out/>
  <testcase classname="com.LibraryAPI.testCases.TC_004_UpdateBook" name="checkserverType_updateBook" time="0.003"/>
  <system-out/>
  <testcase classname="com.LibraryAPI.testCases.TC_004_UpdateBook" name="checkStatusLine_updateBook" time="0.014"/>
  <system-out/>
</testsuite> <!-- com.LibraryAPI.testCases.TC_004_UpdateBook -->
