<?xml version="1.0" encoding="UTF-8"?>
<!-- Generated by org.testng.reporters.JUnitReportReporter -->
<testsuite hostname="DESKTOP-4JSDMOS" failures="0" tests="6" name="com.LibraryAPI.testCases.TC_001_GetAllBooks" time="0.607" errors="0" timestamp="2021-10-07T15:13:27 IST" skipped="0">
  <testcase classname="com.LibraryAPI.testCases.TC_001_GetAllBooks" name="checkStatusLine_getAllBooks" time="0.002"/>
  <system-out/>
  <testcase classname="com.LibraryAPI.testCases.TC_001_GetAllBooks" name="checkResposeBody_getAllBooks" time="0.591"/>
  <system-out/>
  <testcase classname="com.LibraryAPI.testCases.TC_001_GetAllBooks" name="checkResponseTime_getAllBooks" time="0.002"/>
  <system-out/>
  <testcase classname="com.LibraryAPI.testCases.TC_001_GetAllBooks" name="checkContentType_getAllBooks" time="0.010"/>
  <system-out/>
  <testcase classname="com.LibraryAPI.testCases.TC_001_GetAllBooks" name="checkStatusCode_getAllBooks" time="0.001"/>
  <system-out/>
  <testcase classname="com.LibraryAPI.testCases.TC_001_GetAllBooks" name="checkserverType_getAllBooks" time="0.001"/>
  <system-out/>
</testsuite> <!-- com.LibraryAPI.testCases.TC_001_GetAllBooks -->
